<?xml version="1.0" encoding="UTF-8"?>
<!-- Generated by org.testng.reporters.JUnitReportReporter -->
<testsuite skipped="0" hostname="cjing" name="com.hustar.TestDemo.helloworld" tests="1" failures="0" timestamp="6 Dec 2018 08:11:06 GMT" time="3.830" errors="0">
  <testcase name="commitkeyword" time="3.830" classname="com.hustar.TestDemo.helloworld"/>
</testsuite> <!-- com.hustar.TestDemo.helloworld -->
