<?xml version="1.0" encoding="UTF-8"?>
<!-- Generated by org.testng.reporters.JUnitReportReporter -->
<testsuite skipped="0" hostname="cjing" name="com.hustar.TestDemo.pqms_test_demo" tests="1" failures="0" timestamp="6 Dec 2018 08:11:06 GMT" time="2.747" errors="0">
  <testcase name="commitkeyword" time="2.747" classname="com.hustar.TestDemo.pqms_test_demo"/>
</testsuite> <!-- com.hustar.TestDemo.pqms_test_demo -->
